Sencha Cmd 6.5.3.6 - Crash report
================================================
An error occurred while executing the following command: --ext=ext62 generate app demo demo

Diagnostic information:
=======================
                    buildenvironment.dir : /Users/olarva/Documents/Projetos/opensource/omnieshops-dev-gpl3/senchaWorkSpace
               buildenvironment.load.dir : /Users/olarva/Documents/Projetos/opensource/omnieshops-dev-gpl3/senchaWorkSpace
                          cmd.config.dir : /Users/olarva/bin/Sencha/Cmd/6.5.3.6              
                                 cmd.dir : /Users/olarva/bin/Sencha/Cmd/6.5.3.6              
              cmd.merge.tool.args.araxis : -wait -merge -3 -a1 {base} {user} {generated} {out}
              cmd.merge.tool.args.kdiff3 : {base} {user} {generated} -o {out}                
             cmd.merge.tool.args.p4merge : {base} {user} {generated} {out}                   
           cmd.merge.tool.args.smartsync : {user} {generated} {base}                         
          cmd.merge.tool.args.sourcegear : --merge --result={out} {user} {base} {generated}  
            cmd.merge.tool.args.tortoise : -base:{base} -theirs:{generated} -mine:{user} -merged:{out}
                              cmd.minver : 3.0.0.0                                           
                            cmd.platform : osx                                               
                     cmd.unicode.escapes : /Users/olarva/bin/Sencha/Cmd/6.5.3.6/unicode-escapes.json
                             cmd.version : 6.5.3.6                                           
                            cmd.web.port : 1841                                              
                       inspector.address : http://localhost:1839/                            
                          repo.local.dir : /Users/olarva/bin/Sencha/Cmd/repo                 
                         sencha.sdk.path : /Users/olarva/Documents/Projetos/ext-sdks/ext-6.2.0/
                       shared.sencha.dir : true                                              
        system.java.net.useSystemProxies : true                                              
                          workspace.apps :                                                   
                   workspace.apps.length : 0                                                 
                     workspace.build.dir : /Users/olarva/Documents/Projetos/opensource/omnieshops-dev-gpl3/senchaWorkSpace/build
                    workspace.config.dir : /Users/olarva/bin/Sencha/Cmd/6.5.3.6/ant/build/workspace
                           workspace.dir : /Users/olarva/Documents/Projetos/opensource/omnieshops-dev-gpl3/senchaWorkSpace
         workspace.frameworks.ext62.path : /Users/olarva/Documents/Projetos/opensource/omnieshops-dev-gpl3/senchaWorkSpace/ext62
      workspace.frameworks.ext62.version : 6.2.0.981                                         
                  workspace.packages.dir : /Users/olarva/Documents/Projetos/opensource/omnieshops-dev-gpl3/senchaWorkSpace/packages/local,/Users/olarva/Documents/Projetos/opensource/omnieshops-dev-gpl3/senchaWorkSpace/packages
              workspace.packages.extract : /Users/olarva/Documents/Projetos/opensource/omnieshops-dev-gpl3/senchaWorkSpace/packages/remote

Exception information:
=======================
No such property : ext
     at com.sencha.cli.AbstractCommand$Properties.getProperty(AbstractCommand.java:444)
     at com.sencha.cli.AbstractCommand.processConfigParam(AbstractCommand.java:528)
     at com.sencha.cli.AbstractCommand.configure(AbstractCommand.java:114)
     at com.sencha.command.Sencha.main(Sencha.java:135)
     at sun.reflect.NativeMethodAccessorImpl.invoke0(Native Method)
     at sun.reflect.NativeMethodAccessorImpl.invoke(NativeMethodAccessorImpl.java:62)
     at sun.reflect.DelegatingMethodAccessorImpl.invoke(DelegatingMethodAccessorImpl.java:43)
     at java.lang.reflect.Method.invoke(Method.java:497)
     at com.exe4j.runtime.LauncherEngine.launch(LauncherEngine.java:65)
     at com.install4j.runtime.launcher.UnixLauncher.main(UnixLauncher.java:57)

