Sencha Cmd 6.5.3.6 - Crash report
================================================
An error occurred while executing the following command: workspace install

Diagnostic information:
=======================
                    buildenvironment.dir : /Users/olarva/Documents/Projetos/opensource/omnieshops-dev-gpl3/senchaWorkSpace
               buildenvironment.load.dir : /Users/olarva/Documents/Projetos/opensource/omnieshops-dev-gpl3/senchaWorkSpace
                          cmd.config.dir : /Users/olarva/bin/Sencha/Cmd/6.5.3.6              
                                 cmd.dir : /Users/olarva/bin/Sencha/Cmd/6.5.3.6              
              cmd.merge.tool.args.araxis : -wait -merge -3 -a1 {base} {user} {generated} {out}
              cmd.merge.tool.args.kdiff3 : {base} {user} {generated} -o {out}                
             cmd.merge.tool.args.p4merge : {base} {user} {generated} {out}                   
           cmd.merge.tool.args.smartsync : {user} {generated} {base}                         
          cmd.merge.tool.args.sourcegear : --merge --result={out} {user} {base} {generated}  
            cmd.merge.tool.args.tortoise : -base:{base} -theirs:{generated} -mine:{user} -merged:{out}
                              cmd.minver : 3.0.0.0                                           
                            cmd.platform : osx                                               
                     cmd.unicode.escapes : /Users/olarva/bin/Sencha/Cmd/6.5.3.6/unicode-escapes.json
                             cmd.version : 6.5.3.6                                           
                            cmd.web.port : 1841                                              
                       inspector.address : http://localhost:1839/                            
                          repo.local.dir : /Users/olarva/bin/Sencha/Cmd/repo                 
                         sencha.sdk.path : /Users/olarva/Documents/Projetos/ext-sdks/ext-6.2.0/
                       shared.sencha.dir : true                                              
        system.java.net.useSystemProxies : true                                              
                          workspace.apps : omniDashBoard                                     
                        workspace.apps.0 : omniDashBoard                                     
                   workspace.apps.length : 1                                                 
                     workspace.build.dir : /Users/olarva/Documents/Projetos/opensource/omnieshops-dev-gpl3/senchaWorkSpace/build
                    workspace.config.dir : /Users/olarva/bin/Sencha/Cmd/6.5.3.6/ant/build/workspace
                           workspace.dir : /Users/olarva/Documents/Projetos/opensource/omnieshops-dev-gpl3/senchaWorkSpace
         workspace.frameworks.ext62.path : /Users/olarva/Documents/Projetos/opensource/omnieshops-dev-gpl3/senchaWorkSpace//Users/olarva/Documents/Projetos/opensource/omnieshops-dev-gpl3/senchaWorkSpace/ext62
      workspace.frameworks.ext62.version : 6.2.0.981                                         
                  workspace.packages.dir : /Users/olarva/Documents/Projetos/opensource/omnieshops-dev-gpl3/senchaWorkSpace/packages/local,/Users/olarva/Documents/Projetos/opensource/omnieshops-dev-gpl3/senchaWorkSpace/packages
              workspace.packages.extract : /Users/olarva/Documents/Projetos/opensource/omnieshops-dev-gpl3/senchaWorkSpace/packages/remote

Exception information:
=======================
com.google.gson.stream.MalformedJsonException: Expected name at line 31 column 9 path $.frameworks.
     at com.google.gson.Gson.fromJson(Gson.java:902)
     at com.google.gson.Gson.fromJson(Gson.java:852)
     at com.google.gson.Gson.fromJson(Gson.java:801)
     at com.sencha.util.JsonUtil$ThreadSafeGson.fromJson(JsonUtil.java:397)
     at com.sencha.util.JsonUtil.fromJson(JsonUtil.java:151)
     at com.sencha.command.framework.Model$Workspace.load(Model.java:62)
     at com.sencha.command.framework.Model$Workspace.load(Model.java:54)
     at com.sencha.command.framework.FrameworkCommands$BaseFrameworkCommand.getWorkspaceModel(FrameworkCommands.java:63)
     at com.sencha.command.framework.FrameworkCommands$BaseFrameworkCommand.getWorkspaceModel(FrameworkCommands.java:67)
     at com.sencha.command.framework.FrameworkCommands$AddCommand.execute(FrameworkCommands.java:491)
     at com.sencha.command.framework.FrameworkCommands$UpgradeCommand.execute(FrameworkCommands.java:812)
     at com.sencha.command.framework.FrameworkCommands$RestoreCommand.doRestore(FrameworkCommands.java:1120)
     at com.sencha.command.framework.FrameworkCommands$RestoreCommand.execute(FrameworkCommands.java:1053)
     at com.sencha.command.workspace.WorkspaceCommands$InstallCommand.execute(WorkspaceCommands.java:145)
     at sun.reflect.NativeMethodAccessorImpl.invoke0(Native Method)
     at sun.reflect.NativeMethodAccessorImpl.invoke(NativeMethodAccessorImpl.java:62)
     at sun.reflect.DelegatingMethodAccessorImpl.invoke(DelegatingMethodAccessorImpl.java:43)
     at java.lang.reflect.Method.invoke(Method.java:497)
     at com.sencha.util.MethodInvoker$Arguments.invoke(MethodInvoker.java:175)
     at com.sencha.cli.Command.dispatch(Command.java:43)
     at com.sencha.command.BasePluginCommands$BasePluginCommand.dispatch(BasePluginCommands.java:289)
     at com.sencha.cli.Commands.dispatch(Commands.java:64)
     at com.sencha.cli.Commands.dispatch(Commands.java:64)
     at com.sencha.command.Sencha.dispatch(Sencha.java:80)
     at com.sencha.command.Sencha.main(Sencha.java:147)
     at sun.reflect.NativeMethodAccessorImpl.invoke0(Native Method)
     at sun.reflect.NativeMethodAccessorImpl.invoke(NativeMethodAccessorImpl.java:62)
     at sun.reflect.DelegatingMethodAccessorImpl.invoke(DelegatingMethodAccessorImpl.java:43)
     at java.lang.reflect.Method.invoke(Method.java:497)
     at com.exe4j.runtime.LauncherEngine.launch(LauncherEngine.java:65)
     at com.install4j.runtime.launcher.UnixLauncher.main(UnixLauncher.java:57)
   Caused by: Expected name at line 31 column 9 path $.frameworks.
     at com.google.gson.stream.JsonReader.syntaxError(JsonReader.java:1559)
     at com.google.gson.stream.JsonReader.doPeek(JsonReader.java:513)
     at com.google.gson.stream.JsonReader.hasNext(JsonReader.java:414)
     at com.google.gson.internal.bind.MapTypeAdapterFactory$Adapter.read(MapTypeAdapterFactory.java:184)
     at com.google.gson.internal.bind.MapTypeAdapterFactory$Adapter.read(MapTypeAdapterFactory.java:145)
     at com.google.gson.internal.bind.ReflectiveTypeAdapterFactory$1.read(ReflectiveTypeAdapterFactory.java:129)
     at com.google.gson.internal.bind.ReflectiveTypeAdapterFactory$Adapter.read(ReflectiveTypeAdapterFactory.java:220)
     at com.google.gson.Gson.fromJson(Gson.java:887)
     at com.google.gson.Gson.fromJson(Gson.java:852)
     at com.google.gson.Gson.fromJson(Gson.java:801)
     at com.sencha.util.JsonUtil$ThreadSafeGson.fromJson(JsonUtil.java:397)
     at com.sencha.util.JsonUtil.fromJson(JsonUtil.java:151)
     at com.sencha.command.framework.Model$Workspace.load(Model.java:62)
     at com.sencha.command.framework.Model$Workspace.load(Model.java:54)
     at com.sencha.command.framework.FrameworkCommands$BaseFrameworkCommand.getWorkspaceModel(FrameworkCommands.java:63)
     at com.sencha.command.framework.FrameworkCommands$BaseFrameworkCommand.getWorkspaceModel(FrameworkCommands.java:67)
     at com.sencha.command.framework.FrameworkCommands$AddCommand.execute(FrameworkCommands.java:491)
     at com.sencha.command.framework.FrameworkCommands$UpgradeCommand.execute(FrameworkCommands.java:812)
     at com.sencha.command.framework.FrameworkCommands$RestoreCommand.doRestore(FrameworkCommands.java:1120)
     at com.sencha.command.framework.FrameworkCommands$RestoreCommand.execute(FrameworkCommands.java:1053)
     at com.sencha.command.workspace.WorkspaceCommands$InstallCommand.execute(WorkspaceCommands.java:145)
     at sun.reflect.NativeMethodAccessorImpl.invoke0(Native Method)
     at sun.reflect.NativeMethodAccessorImpl.invoke(NativeMethodAccessorImpl.java:62)
     at sun.reflect.DelegatingMethodAccessorImpl.invoke(DelegatingMethodAccessorImpl.java:43)
     at java.lang.reflect.Method.invoke(Method.java:497)
     at com.sencha.util.MethodInvoker$Arguments.invoke(MethodInvoker.java:175)
     at com.sencha.cli.Command.dispatch(Command.java:43)
     at com.sencha.command.BasePluginCommands$BasePluginCommand.dispatch(BasePluginCommands.java:289)
     at com.sencha.cli.Commands.dispatch(Commands.java:64)
     at com.sencha.cli.Commands.dispatch(Commands.java:64)
     at com.sencha.command.Sencha.dispatch(Sencha.java:80)
     at com.sencha.command.Sencha.main(Sencha.java:147)
     at sun.reflect.NativeMethodAccessorImpl.invoke0(Native Method)
     at sun.reflect.NativeMethodAccessorImpl.invoke(NativeMethodAccessorImpl.java:62)
     at sun.reflect.DelegatingMethodAccessorImpl.invoke(DelegatingMethodAccessorImpl.java:43)
     at java.lang.reflect.Method.invoke(Method.java:497)
     at com.exe4j.runtime.LauncherEngine.launch(LauncherEngine.java:65)
     at com.install4j.runtime.launcher.UnixLauncher.main(UnixLauncher.java:57)

